<?xml version="1.0" encoding="UTF-8"?>
<!-- Generated by org.testng.reporters.JUnitXMLReporter -->
<testsuite hostname="Dipjyoti-PC" name="Test" tests="2" failures="2" timestamp="3 Jul 2016 12:38:02 GMT" time="46.941" errors="0">
  <testcase name="@AfterMethod afterMethod" time="0.0" classname="testCases.Framework_001">
    <failure type="java.lang.NullPointerException">
      <![CDATA[java.lang.NullPointerException
	at testCases.Framework_001.afterMethod(Framework_001.java:131)
... Removed 27 stack frames]]>
    </failure>
  </testcase> <!-- @AfterMethod afterMethod -->
  <testcase name="@AfterMethod afterMethod" time="0.0" classname="testCases.Framework_002">
    <failure type="java.lang.NullPointerException">
      <![CDATA[java.lang.NullPointerException
	at testCases.Framework_002.afterMethod(Framework_002.java:64)
... Removed 27 stack frames]]>
    </failure>
  </testcase> <!-- @AfterMethod afterMethod -->
  <testcase name="main" time="0.527" classname="testCases.Framework_001">
    <failure type="java.lang.Exception">
      <![CDATA[java.lang.Exception
	at utility.Utils.takeScreenshot(Utils.java:93)
	at testCases.Framework_001.main(Framework_001.java:116)
... Removed 25 stack frames]]>
    </failure>
  </testcase> <!-- main -->
  <testcase name="f" time="0.039" classname="testCases.Framework_002">
    <failure type="java.lang.Exception">
      <![CDATA[java.lang.Exception
	at utility.Utils.takeScreenshot(Utils.java:93)
	at testCases.Framework_002.f(Framework_002.java:53)
... Removed 25 stack frames]]>
    </failure>
  </testcase> <!-- f -->
</testsuite> <!-- Test -->
